<?xml version="1.0" encoding="UTF-8"?>
<testsuite name="TestFlatMap" tests="2" skipped="0" failures="0" errors="0" timestamp="2021-09-05T13:39:28" hostname="DESKTOP-51SJD6K" time="0.041">
  <properties/>
  <testcase name="testGetOrderedProductsSet" classname="TestFlatMap" time="0.039"/>
  <testcase name="testGetAllOrderedProducts" classname="TestFlatMap" time="0.002"/>
  <system-out><![CDATA[]]></system-out>
  <system-err><![CDATA[]]></system-err>
</testsuite>
