<?xml version="1.0" encoding="UTF-8"?>
<testsuite name="TestRangeTo" tests="3" skipped="0" failures="0" errors="0" timestamp="2021-09-04T19:00:51" hostname="DESKTOP-51SJD6K" time="0.007">
  <properties/>
  <testcase name="testAfter" classname="TestRangeTo" time="0.006"/>
  <testcase name="testBefore" classname="TestRangeTo" time="0.0"/>
  <testcase name="testInRange" classname="TestRangeTo" time="0.0"/>
  <system-out><![CDATA[]]></system-out>
  <system-err><![CDATA[]]></system-err>
</testsuite>
