<?xml version="1.0" encoding="UTF-8"?>
<testsuite name="TestOperatorsOverloading" tests="3" skipped="0" failures="0" errors="0" timestamp="2021-09-05T05:26:40" hostname="DESKTOP-51SJD6K" time="0.013">
  <properties/>
  <testcase name="testOneMonth" classname="TestOperatorsOverloading" time="0.01"/>
  <testcase name="testAddOneTimeInterval" classname="TestOperatorsOverloading" time="0.001"/>
  <testcase name="testMonthChange" classname="TestOperatorsOverloading" time="0.001"/>
  <system-out><![CDATA[]]></system-out>
  <system-err><![CDATA[]]></system-err>
</testsuite>
