<?xml version="1.0" encoding="UTF-8"?>
<testsuite name="TestDelegatesExamples" tests="2" skipped="0" failures="0" errors="0" timestamp="2021-09-05T16:09:35" hostname="DESKTOP-51SJD6K" time="0.022">
  <properties/>
  <testcase name="testLazy" classname="TestDelegatesExamples" time="0.02"/>
  <testcase name="initializedOnce" classname="TestDelegatesExamples" time="0.002"/>
  <system-out><![CDATA[]]></system-out>
  <system-err><![CDATA[]]></system-err>
</testsuite>
