<?xml version="1.0" encoding="UTF-8"?>
<testsuite name="TestIntroduction" tests="1" skipped="0" failures="0" errors="0" timestamp="2021-09-05T06:53:35" hostname="DESKTOP-51SJD6K" time="0.041">
  <properties/>
  <testcase name="testSetOfCustomers" classname="TestIntroduction" time="0.041"/>
  <system-out><![CDATA[]]></system-out>
  <system-err><![CDATA[]]></system-err>
</testsuite>
