<?xml version="1.0" encoding="UTF-8"?>
<testsuite name="TestDataClasses" tests="2" skipped="0" failures="0" errors="0" timestamp="2021-09-04T16:29:33" hostname="DESKTOP-51SJD6K" time="0.023">
  <properties/>
  <testcase name="testComparePeople" classname="TestDataClasses" time="0.006"/>
  <testcase name="testListOfPeople" classname="TestDataClasses" time="0.016"/>
  <system-out><![CDATA[]]></system-out>
  <system-err><![CDATA[]]></system-err>
</testsuite>
