<?xml version="1.0" encoding="UTF-8"?>
<testsuite name="TestProperties" tests="1" skipped="0" failures="0" errors="0" timestamp="2021-09-05T15:43:25" hostname="DESKTOP-51SJD6K" time="0.003">
  <properties/>
  <testcase name="testPropertyWithCounter" classname="TestProperties" time="0.003"/>
  <system-out><![CDATA[]]></system-out>
  <system-err><![CDATA[]]></system-err>
</testsuite>
