<?xml version="1.0" encoding="UTF-8"?>
<testsuite name="TestInvoke" tests="2" skipped="0" failures="0" errors="0" timestamp="2021-09-05T05:58:16" hostname="DESKTOP-51SJD6K" time="0.013">
  <properties/>
  <testcase name="testInvokeTwice" classname="TestInvoke" time="0.01"/>
  <testcase name="testNumberOfInvocations" classname="TestInvoke" time="0.003"/>
  <system-out><![CDATA[]]></system-out>
  <system-err><![CDATA[]]></system-err>
</testsuite>
