<?xml version="1.0" encoding="UTF-8"?>
<testsuite name="Test" tests="1" skipped="0" failures="0" errors="0" timestamp="2021-09-04T11:55:47" hostname="DESKTOP-51SJD6K" time="0.043">
  <properties/>
  <testcase name="testSolution" classname="Test" time="0.043"/>
  <system-out><![CDATA[]]></system-out>
  <system-err><![CDATA[]]></system-err>
</testsuite>
