<?xml version="1.0" encoding="UTF-8"?>
<testsuite name="TestComparison" tests="2" skipped="0" failures="0" errors="0" timestamp="2021-09-04T18:44:05" hostname="DESKTOP-51SJD6K" time="0.006">
  <properties/>
  <testcase name="testAfter" classname="TestComparison" time="0.006"/>
  <testcase name="testBefore" classname="TestComparison" time="0.0"/>
  <system-out><![CDATA[]]></system-out>
  <system-err><![CDATA[]]></system-err>
</testsuite>
