<?xml version="1.0" encoding="UTF-8"?>
<testsuite name="TestHtmlBuilders" tests="2" skipped="0" failures="0" errors="0" timestamp="2021-09-05T16:56:51" hostname="DESKTOP-51SJD6K" time="0.046">
  <properties/>
  <testcase name="productTableIsColored" classname="TestHtmlBuilders" time="0.044"/>
  <testcase name="productTableIsFilled" classname="TestHtmlBuilders" time="0.002"/>
  <system-out><![CDATA[]]></system-out>
  <system-err><![CDATA[]]></system-err>
</testsuite>
