<?xml version="1.0" encoding="UTF-8"?>
<testsuite name="HtmlDslTest" tests="3" skipped="0" failures="0" errors="0" timestamp="2021-09-05T17:09:03" hostname="DESKTOP-51SJD6K" time="0.029">
  <properties/>
  <testcase name="testSample" classname="HtmlDslTest" time="0.024"/>
  <testcase name="testTable1" classname="HtmlDslTest" time="0.002"/>
  <testcase name="testTable2" classname="HtmlDslTest" time="0.002"/>
  <system-out><![CDATA[]]></system-out>
  <system-err><![CDATA[]]></system-err>
</testsuite>
