<?xml version="1.0" encoding="UTF-8"?>
<testsuite name="TestDelegatesHowItWorks" tests="1" skipped="0" failures="0" errors="0" timestamp="2021-09-05T16:36:56" hostname="DESKTOP-51SJD6K" time="0.02">
  <properties/>
  <testcase name="testDate" classname="TestDelegatesHowItWorks" time="0.02"/>
  <system-out><![CDATA[]]></system-out>
  <system-err><![CDATA[]]></system-err>
</testsuite>
