<?xml version="1.0" encoding="UTF-8"?>
<testsuite name="TestLambdas" tests="2" skipped="0" failures="0" errors="0" timestamp="2021-09-04T14:39:10" hostname="DESKTOP-51SJD6K" time="0.021">
  <properties/>
  <testcase name="contains" classname="TestLambdas" time="0.021"/>
  <testcase name="notContains" classname="TestLambdas" time="0.0"/>
  <system-out><![CDATA[]]></system-out>
  <system-err><![CDATA[]]></system-err>
</testsuite>
