<?xml version="1.0" encoding="UTF-8"?>
<testsuite name="TestExtensionFunctionLiterals" tests="1" skipped="0" failures="0" errors="0" timestamp="2021-09-05T16:40:41" hostname="DESKTOP-51SJD6K" time="0.022">
  <properties/>
  <testcase name="testIsOddAndIsEven" classname="TestExtensionFunctionLiterals" time="0.022"/>
  <system-out><![CDATA[]]></system-out>
  <system-err><![CDATA[]]></system-err>
</testsuite>
