<?xml version="1.0" encoding="UTF-8"?>
<testsuite name="TestForLoop" tests="2" skipped="0" failures="0" errors="0" timestamp="2021-09-04T20:03:47" hostname="DESKTOP-51SJD6K" time="0.019">
  <properties/>
  <testcase name="testIterateOverDateRange" classname="TestForLoop" time="0.017"/>
  <testcase name="testIterateOverEmptyRange" classname="TestForLoop" time="0.002"/>
  <system-out><![CDATA[]]></system-out>
  <system-err><![CDATA[]]></system-err>
</testsuite>
