<?xml version="1.0" encoding="UTF-8"?>
<testsuite name="TestGroupBy" tests="1" skipped="0" failures="0" errors="0" timestamp="2021-09-05T09:37:04" hostname="DESKTOP-51SJD6K" time="0.039">
  <properties/>
  <testcase name="testGroupCustomersByCity" classname="TestGroupBy" time="0.039"/>
  <system-out><![CDATA[]]></system-out>
  <system-err><![CDATA[]]></system-err>
</testsuite>
